********************************************************************************
DUPLICATOR-LITE PACKAGE-LOG: 13 December 2018 18 h 26 min
NOTICE: Do NOT post to public sites or forums 
********************************************************************************
VERSION:	1.2.52
WORDPRESS:	4.9.9
PHP INFO:	7.1.14 | SAPI: apache2handler
SERVER:		Apache/2.4.29 (Win32) OpenSSL/1.0.2n PHP/7.1.14 
PHP TIME LIMIT: (0) no time limit imposed 
PHP MAX MEMORY: 2048M (128M default) 
MEMORY STACK: 4MB 

********************************************************************************
DATABASE:
********************************************************************************
BUILD MODE:   MYSQLDUMP
MYSQLTIMEOUT: 5000
MYSQLDUMP:    Is Supported 
FILTERED: [] 
RESPONSE: Ran from D:/xampp/mysql/bin/mysqldump.exe 
TABLES: total:13 | filtered:0 | create:13 
SQL CREATED: 20181212_agence83_c1ead8c4c980113a4344_20181213182137_database.sql 
SQL FILE SIZE: 313.38KB (320899) 
SQL FILE TIME: 2018-12-13 18:26:21 
SQL RUNTIME: 1.05 sec. 

******************************************************************************** 
ARCHIVE (ZIP): 
******************************************************************************** 
ARCHIVE DIR:  D:/xampp/htdocs/wp-one-page-demo 
ARCHIVE FILE: 20181212_agence83_c1ead8c4c980113a4344_20181213182137_archive.zip 
FILTERS: *OFF* 
DIRS:
	not set 
FILES:
	not set 
EXTS:  not set 
---------------------------------------- 
COMPRESSING 
SIZE:	42.73MB 
STATS:	Dirs 303 | Files 2,144 
SQL ADDED: 20181212_agence83_c1ead8c4c980113a4344_20181213182137_database.sql 
ZipArchive Object
(
    [status] => 0
    [statusSys] => 0
    [numFiles] => 2447
    [filename] => D:\xampp\htdocs\wp-one-page-demo\wp-snapshots\tmp\20181212_agence83_c1ead8c4c980113a4344_20181213182137_archive.zip
    [comment] => 
)
 
COMPRESSION RESULT: '1' 
COMPRESSED SIZE: 19.25MB 
ARCHIVE RUNTIME: 15.33 sec. 
MEMORY STACK: 4MB 

******************************************************************************** 
MAKE INSTALLER: 
******************************************************************************** 
Build Start 
Build Finished 
Preparing for use 
PACK SIZE:  
Template parsed with new data 
Complete [D:/xampp/htdocs/wp-one-page-demo/wp-snapshots/tmp/20181212_agence83_c1ead8c4c980113a4344_20181213182137_installer.php] 
Added to archive 

******************************************************************************** 
INTEGRITY CHECKS: 
******************************************************************************** 
SQL File: 313.38KB 
Installer File: 514.18KB 
Archive File: 19.25MB  

********************************************************************************
RECORD ID:[2]
TOTAL PROCESS RUNTIME: 17.11 sec.
PEAK PHP MEMORY USED: 6MB
DONE PROCESSING => 20181212_agence83 13 December 2018 18 h 26 min
 
